[2023-06-10 14:07:41] local.ERROR: Please provide a valid cache path. {"exception":"[object] (InvalidArgumentException(code: 0): Please provide a valid cache path. at /home/rasoulgb/Desktop/loan/vendor/laravel/framework/src/Illuminate/View/Compilers/Compiler.php:66)
[stacktrace]
#0 /home/rasoulgb/Desktop/loan/vendor/laravel/framework/src/Illuminate/View/ViewServiceProvider.php(101): Illuminate\\View\\Compilers\\Compiler->__construct()
#1 /home/rasoulgb/Desktop/loan/vendor/laravel/framework/src/Illuminate/Container/Container.php(871): Illuminate\\View\\ViewServiceProvider->Illuminate\\View\\{closure}()
#2 /home/rasoulgb/Desktop/loan/vendor/laravel/framework/src/Illuminate/Container/Container.php(756): Illuminate\\Container\\Container->build()
#3 /home/rasoulgb/Desktop/loan/vendor/laravel/framework/src/Illuminate/Foundation/Application.php(860): Illuminate\\Container\\Container->resolve()
#4 /home/rasoulgb/Desktop/loan/vendor/laravel/framework/src/Illuminate/Container/Container.php(692): Illuminate\\Foundation\\Application->resolve()
#5 /home/rasoulgb/Desktop/loan/vendor/laravel/framework/src/Illuminate/Foundation/Application.php(845): Illuminate\\Container\\Container->make()
#6 /home/rasoulgb/Desktop/loan/vendor/laravel/framework/src/Illuminate/Container/Container.php(1419): Illuminate\\Foundation\\Application->make()
#7 /home/rasoulgb/Desktop/loan/vendor/livewire/livewire/src/LivewireServiceProvider.php(276): Illuminate\\Container\\Container->offsetGet()
#8 /home/rasoulgb/Desktop/loan/vendor/livewire/livewire/src/LivewireServiceProvider.php(79): Livewire\\LivewireServiceProvider->registerTagCompiler()
#9 /home/rasoulgb/Desktop/loan/vendor/laravel/framework/src/Illuminate/Container/BoundMethod.php(36): Livewire\\LivewireServiceProvider->boot()
#10 /home/rasoulgb/Desktop/loan/vendor/laravel/framework/src/Illuminate/Container/Util.php(41): Illuminate\\Container\\BoundMethod::Illuminate\\Container\\{closure}()
#11 /home/rasoulgb/Desktop/loan/vendor/laravel/framework/src/Illuminate/Container/BoundMethod.php(93): Illuminate\\Container\\Util::unwrapIfClosure()
#12 /home/rasoulgb/Desktop/loan/vendor/laravel/framework/src/Illuminate/Container/BoundMethod.php(37): Illuminate\\Container\\BoundMethod::callBoundMethod()
#13 /home/rasoulgb/Desktop/loan/vendor/laravel/framework/src/Illuminate/Container/Container.php(651): Illuminate\\Container\\BoundMethod::call()
#14 /home/rasoulgb/Desktop/loan/vendor/laravel/framework/src/Illuminate/Foundation/Application.php(933): Illuminate\\Container\\Container->call()
#15 /home/rasoulgb/Desktop/loan/vendor/laravel/framework/src/Illuminate/Foundation/Application.php(914): Illuminate\\Foundation\\Application->bootProvider()
#16 [internal function]: Illuminate\\Foundation\\Application->Illuminate\\Foundation\\{closure}()
#17 /home/rasoulgb/Desktop/loan/vendor/laravel/framework/src/Illuminate/Foundation/Application.php(915): array_walk()
#18 /home/rasoulgb/Desktop/loan/vendor/laravel/framework/src/Illuminate/Foundation/Bootstrap/BootProviders.php(17): Illuminate\\Foundation\\Application->boot()
#19 /home/rasoulgb/Desktop/loan/vendor/laravel/framework/src/Illuminate/Foundation/Application.php(242): Illuminate\\Foundation\\Bootstrap\\BootProviders->bootstrap()
#20 /home/rasoulgb/Desktop/loan/vendor/laravel/framework/src/Illuminate/Foundation/Console/Kernel.php(383): Illuminate\\Foundation\\Application->bootstrapWith()
#21 /home/rasoulgb/Desktop/loan/vendor/laravel/framework/src/Illuminate/Foundation/Console/Kernel.php(153): Illuminate\\Foundation\\Console\\Kernel->bootstrap()
#22 /home/rasoulgb/Desktop/loan/artisan(37): Illuminate\\Foundation\\Console\\Kernel->handle()
#23 {main}
"} 
[2023-06-10 14:14:39] local.INFO: select count(*) as aggregate from `users` where `email` = ? ["joy@joy1.com"] 
[2023-06-10 14:14:40] local.INFO: insert into `users` (`name`, `email`, `password`, `updated_at`, `created_at`) values (?, ?, ?, ?, ?) ["joy@joy1.com","joy@joy1.com","$2y$10$F6oeEUg1YxfUe/Lhf28bG./am4sBEYxyD.F3dS8IPS7wJ817fTEvW","2023-06-10 14:14:40","2023-06-10 14:14:40"] 
[2023-06-10 14:14:40] local.INFO: select * from `users` where `id` = ? limit 1 [12] 
[2023-06-10 14:14:40] local.INFO: select count(*) as aggregate from `loans` where `user_id` = ? and `loans`.`deleted_at` is null [12] 
